<?xml version="1.0" encoding="UTF-8"?>
<testsuite xmlns:xsi="http://www.w3.org/2001/XMLSchema-instance" xsi:noNamespaceSchemaLocation="https://maven.apache.org/surefire/maven-surefire-plugin/xsd/surefire-test-report.xsd" name="io.quarkus.workshop.superheroes.villain.VillainResourceTest" time="55.003" tests="13" errors="0" skipped="0" failures="0">
  <properties>
    <property name="awt.toolkit" value="sun.awt.X11.XToolkit"/>
    <property name="java.specification.version" value="11"/>
    <property name="sun.cpu.isalist" value=""/>
    <property name="sun.jnu.encoding" value="UTF-8"/>
    <property name="java.class.path" value="/mnt/d/projetos/treinamentos2021/quarkus/quarkus-super-heroes-workshop/super-heroes/rest-villain/target/test-classes:/mnt/d/projetos/treinamentos2021/quarkus/quarkus-super-heroes-workshop/super-heroes/rest-villain/target/classes:/home/luisdev/.m2/repository/io/quarkus/quarkus-resteasy/1.13.7.Final/quarkus-resteasy-1.13.7.Final.jar:/home/luisdev/.m2/repository/io/quarkus/quarkus-vertx-http/1.13.7.Final/quarkus-vertx-http-1.13.7.Final.jar:/home/luisdev/.m2/repository/io/quarkus/quarkus-security-runtime-spi/1.13.7.Final/quarkus-security-runtime-spi-1.13.7.Final.jar:/home/luisdev/.m2/repository/io/quarkus/quarkus-vertx-http-dev-console-runtime-spi/1.13.7.Final/quarkus-vertx-http-dev-console-runtime-spi-1.13.7.Final.jar:/home/luisdev/.m2/repository/io/quarkus/security/quarkus-security/1.1.4.Final/quarkus-security-1.1.4.Final.jar:/home/luisdev/.m2/repository/io/smallrye/reactive/mutiny/0.14.0/mutiny-0.14.0.jar:/home/luisdev/.m2/repository/org/reactivestreams/reactive-streams/1.0.3/reactive-streams-1.0.3.jar:/home/luisdev/.m2/repository/io/quarkus/quarkus-vertx-core/1.13.7.Final/quarkus-vertx-core-1.13.7.Final.jar:/home/luisdev/.m2/repository/io/quarkus/quarkus-netty/1.13.7.Final/quarkus-netty-1.13.7.Final.jar:/home/luisdev/.m2/repository/io/netty/netty-codec/4.1.49.Final/netty-codec-4.1.49.Final.jar:/home/luisdev/.m2/repository/io/netty/netty-handler/4.1.49.Final/netty-handler-4.1.49.Final.jar:/home/luisdev/.m2/repository/io/vertx/vertx-core/3.9.6/vertx-core-3.9.6.jar:/home/luisdev/.m2/repository/io/netty/netty-common/4.1.49.Final/netty-common-4.1.49.Final.jar:/home/luisdev/.m2/repository/io/netty/netty-buffer/4.1.49.Final/netty-buffer-4.1.49.Final.jar:/home/luisdev/.m2/repository/io/netty/netty-transport/4.1.49.Final/netty-transport-4.1.49.Final.jar:/home/luisdev/.m2/repository/io/netty/netty-handler-proxy/4.1.49.Final/netty-handler-proxy-4.1.49.Final.jar:/home/luisdev/.m2/repository/io/netty/netty-codec-socks/4.1.49.Final/netty-codec-socks-4.1.49.Final.jar:/home/luisdev/.m2/repository/io/netty/netty-codec-http/4.1.49.Final/netty-codec-http-4.1.49.Final.jar:/home/luisdev/.m2/repository/io/netty/netty-codec-http2/4.1.49.Final/netty-codec-http2-4.1.49.Final.jar:/home/luisdev/.m2/repository/io/netty/netty-resolver/4.1.49.Final/netty-resolver-4.1.49.Final.jar:/home/luisdev/.m2/repository/io/netty/netty-resolver-dns/4.1.49.Final/netty-resolver-dns-4.1.49.Final.jar:/home/luisdev/.m2/repository/io/netty/netty-codec-dns/4.1.49.Final/netty-codec-dns-4.1.49.Final.jar:/home/luisdev/.m2/repository/io/vertx/vertx-web/3.9.6/vertx-web-3.9.6.jar:/home/luisdev/.m2/repository/io/vertx/vertx-web-common/3.9.6/vertx-web-common-3.9.6.jar:/home/luisdev/.m2/repository/io/vertx/vertx-auth-common/3.9.6/vertx-auth-common-3.9.6.jar:/home/luisdev/.m2/repository/io/vertx/vertx-bridge-common/3.9.6/vertx-bridge-common-3.9.6.jar:/home/luisdev/.m2/repository/io/quarkus/quarkus-resteasy-server-common/1.13.7.Final/quarkus-resteasy-server-common-1.13.7.Final.jar:/home/luisdev/.m2/repository/io/quarkus/quarkus-resteasy-common/1.13.7.Final/quarkus-resteasy-common-1.13.7.Final.jar:/home/luisdev/.m2/repository/org/jboss/resteasy/resteasy-core/4.5.12.Final/resteasy-core-4.5.12.Final.jar:/home/luisdev/.m2/repository/org/jboss/spec/javax/ws/rs/jboss-jaxrs-api_2.1_spec/2.0.1.Final/jboss-jaxrs-api_2.1_spec-2.0.1.Final.jar:/home/luisdev/.m2/repository/org/jboss/resteasy/resteasy-core-spi/4.5.12.Final/resteasy-core-spi-4.5.12.Final.jar:/home/luisdev/.m2/repository/com/ibm/async/asyncutil/0.1.0/asyncutil-0.1.0.jar:/home/luisdev/.m2/repository/com/sun/activation/jakarta.activation/1.2.1/jakarta.activation-1.2.1.jar:/home/luisdev/.m2/repository/jakarta/validation/jakarta.validation-api/2.0.2/jakarta.validation-api-2.0.2.jar:/home/luisdev/.m2/repository/io/quarkus/quarkus-resteasy-jsonb/1.13.7.Final/quarkus-resteasy-jsonb-1.13.7.Final.jar:/home/luisdev/.m2/repository/io/quarkus/quarkus-jsonb/1.13.7.Final/quarkus-jsonb-1.13.7.Final.jar:/home/luisdev/.m2/repository/org/eclipse/yasson/1.0.9/yasson-1.0.9.jar:/home/luisdev/.m2/repository/org/jboss/resteasy/resteasy-json-binding-provider/4.5.12.Final/resteasy-json-binding-provider-4.5.12.Final.jar:/home/luisdev/.m2/repository/org/glassfish/jakarta.json/1.1.6/jakarta.json-1.1.6.jar:/home/luisdev/.m2/repository/jakarta/json/bind/jakarta.json.bind-api/1.0.2/jakarta.json.bind-api-1.0.2.jar:/home/luisdev/.m2/repository/org/jboss/logging/jboss-logging/3.4.1.Final/jboss-logging-3.4.1.Final.jar:/home/luisdev/.m2/repository/org/jboss/resteasy/resteasy-json-p-provider/4.5.12.Final/resteasy-json-p-provider-4.5.12.Final.jar:/home/luisdev/.m2/repository/commons-io/commons-io/2.8.0/commons-io-2.8.0.jar:/home/luisdev/.m2/repository/io/quarkus/quarkus-hibernate-orm-panache/1.13.7.Final/quarkus-hibernate-orm-panache-1.13.7.Final.jar:/home/luisdev/.m2/repository/io/quarkus/quarkus-hibernate-orm/1.13.7.Final/quarkus-hibernate-orm-1.13.7.Final.jar:/home/luisdev/.m2/repository/io/quarkus/quarkus-agroal/1.13.7.Final/quarkus-agroal-1.13.7.Final.jar:/home/luisdev/.m2/repository/io/quarkus/quarkus-datasource/1.13.7.Final/quarkus-datasource-1.13.7.Final.jar:/home/luisdev/.m2/repository/org/jboss/narayana/jta/narayana-jta/5.10.6.Final/narayana-jta-5.10.6.Final.jar:/home/luisdev/.m2/repository/org/jboss/jboss-transaction-spi/7.6.0.Final/jboss-transaction-spi-7.6.0.Final.jar:/home/luisdev/.m2/repository/org/jboss/spec/javax/resource/jboss-connector-api_1.7_spec/1.0.0.Final/jboss-connector-api_1.7_spec-1.0.0.Final.jar:/home/luisdev/.m2/repository/org/jboss/narayana/jts/narayana-jts-integration/5.10.6.Final/narayana-jts-integration-5.10.6.Final.jar:/home/luisdev/.m2/repository/io/agroal/agroal-api/1.11/agroal-api-1.11.jar:/home/luisdev/.m2/repository/io/agroal/agroal-narayana/1.11/agroal-narayana-1.11.jar:/home/luisdev/.m2/repository/io/agroal/agroal-pool/1.11/agroal-pool-1.11.jar:/home/luisdev/.m2/repository/io/quarkus/quarkus-credentials/1.13.7.Final/quarkus-credentials-1.13.7.Final.jar:/home/luisdev/.m2/repository/io/quarkus/quarkus-narayana-jta/1.13.7.Final/quarkus-narayana-jta-1.13.7.Final.jar:/home/luisdev/.m2/repository/io/quarkus/quarkus-mutiny/1.13.7.Final/quarkus-mutiny-1.13.7.Final.jar:/home/luisdev/.m2/repository/io/quarkus/quarkus-smallrye-context-propagation/1.13.7.Final/quarkus-smallrye-context-propagation-1.13.7.Final.jar:/home/luisdev/.m2/repository/io/smallrye/smallrye-context-propagation/1.1.0/smallrye-context-propagation-1.1.0.jar:/home/luisdev/.m2/repository/io/smallrye/smallrye-context-propagation-api/1.1.0/smallrye-context-propagation-api-1.1.0.jar:/home/luisdev/.m2/repository/io/smallrye/smallrye-context-propagation-storage/1.1.0/smallrye-context-propagation-storage-1.1.0.jar:/home/luisdev/.m2/repository/io/smallrye/reactive/mutiny-smallrye-context-propagation/0.14.0/mutiny-smallrye-context-propagation-0.14.0.jar:/home/luisdev/.m2/repository/io/smallrye/smallrye-context-propagation-jta/1.1.0/smallrye-context-propagation-jta-1.1.0.jar:/home/luisdev/.m2/repository/io/smallrye/reactive/smallrye-reactive-converter-api/1.4.0/smallrye-reactive-converter-api-1.4.0.jar:/home/luisdev/.m2/repository/io/smallrye/reactive/smallrye-reactive-converter-mutiny/1.4.0/smallrye-reactive-converter-mutiny-1.4.0.jar:/home/luisdev/.m2/repository/org/hibernate/hibernate-core/5.4.29.Final/hibernate-core-5.4.29.Final.jar:/home/luisdev/.m2/repository/net/bytebuddy/byte-buddy/1.10.21/byte-buddy-1.10.21.jar:/home/luisdev/.m2/repository/antlr/antlr/2.7.7/antlr-2.7.7.jar:/home/luisdev/.m2/repository/org/dom4j/dom4j/2.1.3/dom4j-2.1.3.jar:/home/luisdev/.m2/repository/org/hibernate/common/hibernate-commons-annotations/5.1.2.Final/hibernate-commons-annotations-5.1.2.Final.jar:/home/luisdev/.m2/repository/org/hibernate/hibernate-graalvm/5.4.29.Final/hibernate-graalvm-5.4.29.Final.jar:/home/luisdev/.m2/repository/org/glassfish/jaxb/jaxb-runtime/2.3.3-b02/jaxb-runtime-2.3.3-b02.jar:/home/luisdev/.m2/repository/org/glassfish/jaxb/txw2/2.3.3-b02/txw2-2.3.3-b02.jar:/home/luisdev/.m2/repository/com/sun/istack/istack-commons-runtime/3.0.10/istack-commons-runtime-3.0.10.jar:/home/luisdev/.m2/repository/org/jboss/spec/javax/xml/bind/jboss-jaxb-api_2.3_spec/2.0.0.Final/jboss-jaxb-api_2.3_spec-2.0.0.Final.jar:/home/luisdev/.m2/repository/jakarta/persistence/jakarta.persistence-api/2.2.3/jakarta.persistence-api-2.2.3.jar:/home/luisdev/.m2/repository/jakarta/transaction/jakarta.transaction-api/1.3.3/jakarta.transaction-api-1.3.3.jar:/home/luisdev/.m2/repository/org/hibernate/quarkus-local-cache/0.1.0/quarkus-local-cache-0.1.0.jar:/home/luisdev/.m2/repository/com/github/ben-manes/caffeine/caffeine/2.9.0/caffeine-2.9.0.jar:/home/luisdev/.m2/repository/com/google/errorprone/error_prone_annotations/2.2.0/error_prone_annotations-2.2.0.jar:/home/luisdev/.m2/repository/io/quarkus/quarkus-caffeine/1.13.7.Final/quarkus-caffeine-1.13.7.Final.jar:/home/luisdev/.m2/repository/io/quarkus/quarkus-hibernate-orm-panache-common/1.13.7.Final/quarkus-hibernate-orm-panache-common-1.13.7.Final.jar:/home/luisdev/.m2/repository/io/quarkus/quarkus-panache-hibernate-common/1.13.7.Final/quarkus-panache-hibernate-common-1.13.7.Final.jar:/home/luisdev/.m2/repository/io/quarkus/quarkus-arc/1.13.7.Final/quarkus-arc-1.13.7.Final.jar:/home/luisdev/.m2/repository/io/quarkus/arc/arc/1.13.7.Final/arc-1.13.7.Final.jar:/home/luisdev/.m2/repository/org/eclipse/microprofile/context-propagation/microprofile-context-propagation-api/1.0.1/microprofile-context-propagation-api-1.0.1.jar:/home/luisdev/.m2/repository/io/quarkus/quarkus-panache-common/1.13.7.Final/quarkus-panache-common-1.13.7.Final.jar:/home/luisdev/.m2/repository/io/quarkus/quarkus-jdbc-postgresql/1.13.7.Final/quarkus-jdbc-postgresql-1.13.7.Final.jar:/home/luisdev/.m2/repository/org/postgresql/postgresql/42.2.20/postgresql-42.2.20.jar:/home/luisdev/.m2/repository/io/quarkus/quarkus-hibernate-validator/1.13.7.Final/quarkus-hibernate-validator-1.13.7.Final.jar:/home/luisdev/.m2/repository/io/quarkus/quarkus-core/1.13.7.Final/quarkus-core-1.13.7.Final.jar:/home/luisdev/.m2/repository/jakarta/annotation/jakarta.annotation-api/1.3.5/jakarta.annotation-api-1.3.5.jar:/home/luisdev/.m2/repository/jakarta/enterprise/jakarta.enterprise.cdi-api/2.0.2/jakarta.enterprise.cdi-api-2.0.2.jar:/home/luisdev/.m2/repository/jakarta/el/jakarta.el-api/3.0.3/jakarta.el-api-3.0.3.jar:/home/luisdev/.m2/repository/jakarta/interceptor/jakarta.interceptor-api/1.2.5/jakarta.interceptor-api-1.2.5.jar:/home/luisdev/.m2/repository/jakarta/inject/jakarta.inject-api/1.0/jakarta.inject-api-1.0.jar:/home/luisdev/.m2/repository/io/quarkus/quarkus-ide-launcher/1.13.7.Final/quarkus-ide-launcher-1.13.7.Final.jar:/home/luisdev/.m2/repository/io/quarkus/quarkus-development-mode-spi/1.13.7.Final/quarkus-development-mode-spi-1.13.7.Final.jar:/home/luisdev/.m2/repository/io/smallrye/config/smallrye-config/1.13.1/smallrye-config-1.13.1.jar:/home/luisdev/.m2/repository/io/smallrye/common/smallrye-common-annotation/1.5.0/smallrye-common-annotation-1.5.0.jar:/home/luisdev/.m2/repository/io/smallrye/common/smallrye-common-expression/1.5.0/smallrye-common-expression-1.5.0.jar:/home/luisdev/.m2/repository/io/smallrye/common/smallrye-common-function/1.5.0/smallrye-common-function-1.5.0.jar:/home/luisdev/.m2/repository/io/smallrye/common/smallrye-common-constraint/1.5.0/smallrye-common-constraint-1.5.0.jar:/home/luisdev/.m2/repository/io/smallrye/common/smallrye-common-classloader/1.5.0/smallrye-common-classloader-1.5.0.jar:/home/luisdev/.m2/repository/io/smallrye/config/smallrye-config-common/1.13.1/smallrye-config-common-1.13.1.jar:/home/luisdev/.m2/repository/org/jboss/logmanager/jboss-logmanager-embedded/1.0.9/jboss-logmanager-embedded-1.0.9.jar:/home/luisdev/.m2/repository/org/jboss/logging/jboss-logging-annotations/2.2.0.Final/jboss-logging-annotations-2.2.0.Final.jar:/home/luisdev/.m2/repository/org/jboss/threads/jboss-threads/3.2.0.Final/jboss-threads-3.2.0.Final.jar:/home/luisdev/.m2/repository/org/slf4j/slf4j-api/1.7.30/slf4j-api-1.7.30.jar:/home/luisdev/.m2/repository/org/jboss/slf4j/slf4j-jboss-logmanager/1.1.0.Final/slf4j-jboss-logmanager-1.1.0.Final.jar:/home/luisdev/.m2/repository/org/graalvm/sdk/graal-sdk/21.0.0/graal-sdk-21.0.0.jar:/home/luisdev/.m2/repository/org/wildfly/common/wildfly-common/1.5.4.Final-format-001/wildfly-common-1.5.4.Final-format-001.jar:/home/luisdev/.m2/repository/io/quarkus/quarkus-bootstrap-runner/1.13.7.Final/quarkus-bootstrap-runner-1.13.7.Final.jar:/home/luisdev/.m2/repository/org/hibernate/validator/hibernate-validator/6.2.0.Final/hibernate-validator-6.2.0.Final.jar:/home/luisdev/.m2/repository/com/fasterxml/classmate/1.3.4/classmate-1.3.4.jar:/home/luisdev/.m2/repository/org/glassfish/jakarta.el/3.0.3/jakarta.el-3.0.3.jar:/home/luisdev/.m2/repository/io/quarkus/quarkus-smallrye-openapi/1.13.7.Final/quarkus-smallrye-openapi-1.13.7.Final.jar:/home/luisdev/.m2/repository/io/smallrye/smallrye-open-api-core/2.0.26/smallrye-open-api-core-2.0.26.jar:/home/luisdev/.m2/repository/org/eclipse/microprofile/openapi/microprofile-openapi-api/1.1.3-RC1/microprofile-openapi-api-1.1.3-RC1.jar:/home/luisdev/.m2/repository/org/eclipse/microprofile/config/microprofile-config-api/1.4/microprofile-config-api-1.4.jar:/home/luisdev/.m2/repository/com/fasterxml/jackson/dataformat/jackson-dataformat-yaml/2.12.3/jackson-dataformat-yaml-2.12.3.jar:/home/luisdev/.m2/repository/org/yaml/snakeyaml/1.28/snakeyaml-1.28.jar:/home/luisdev/.m2/repository/org/jboss/jandex/2.2.3.Final/jandex-2.2.3.Final.jar:/home/luisdev/.m2/repository/io/quarkus/quarkus-swagger-ui/1.13.7.Final/quarkus-swagger-ui-1.13.7.Final.jar:/home/luisdev/.m2/repository/io/quarkus/quarkus-smallrye-health/1.13.7.Final/quarkus-smallrye-health-1.13.7.Final.jar:/home/luisdev/.m2/repository/io/smallrye/smallrye-health/2.2.6/smallrye-health-2.2.6.jar:/home/luisdev/.m2/repository/org/eclipse/microprofile/health/microprofile-health-api/2.2/microprofile-health-api-2.2.jar:/home/luisdev/.m2/repository/io/smallrye/smallrye-health-api/2.2.6/smallrye-health-api-2.2.6.jar:/home/luisdev/.m2/repository/io/smallrye/smallrye-health-provided-checks/2.2.6/smallrye-health-provided-checks-2.2.6.jar:/home/luisdev/.m2/repository/io/quarkus/quarkus-jsonp/1.13.7.Final/quarkus-jsonp-1.13.7.Final.jar:/home/luisdev/.m2/repository/io/quarkus/quarkus-smallrye-metrics/1.13.7.Final/quarkus-smallrye-metrics-1.13.7.Final.jar:/home/luisdev/.m2/repository/io/smallrye/smallrye-metrics/2.4.6/smallrye-metrics-2.4.6.jar:/home/luisdev/.m2/repository/io/smallrye/smallrye-metrics-api/2.4.6/smallrye-metrics-api-2.4.6.jar:/home/luisdev/.m2/repository/org/eclipse/microprofile/metrics/microprofile-metrics-api/2.3/microprofile-metrics-api-2.3.jar:/home/luisdev/.m2/repository/io/quarkus/quarkus-junit5/1.13.7.Final/quarkus-junit5-1.13.7.Final.jar:/home/luisdev/.m2/repository/io/quarkus/quarkus-bootstrap-core/1.13.7.Final/quarkus-bootstrap-core-1.13.7.Final.jar:/home/luisdev/.m2/repository/io/quarkus/quarkus-bootstrap-app-model/1.13.7.Final/quarkus-bootstrap-app-model-1.13.7.Final.jar:/home/luisdev/.m2/repository/io/quarkus/quarkus-bootstrap-maven-resolver/1.13.7.Final/quarkus-bootstrap-maven-resolver-1.13.7.Final.jar:/home/luisdev/.m2/repository/org/apache/maven/maven-embedder/3.8.1/maven-embedder-3.8.1.jar:/home/luisdev/.m2/repository/org/apache/maven/maven-settings/3.8.1/maven-settings-3.8.1.jar:/home/luisdev/.m2/repository/org/apache/maven/maven-core/3.8.1/maven-core-3.8.1.jar:/home/luisdev/.m2/repository/org/apache/maven/maven-artifact/3.8.1/maven-artifact-3.8.1.jar:/home/luisdev/.m2/repository/org/codehaus/plexus/plexus-component-annotations/2.1.0/plexus-component-annotations-2.1.0.jar:/home/luisdev/.m2/repository/org/apache/maven/maven-plugin-api/3.8.1/maven-plugin-api-3.8.1.jar:/home/luisdev/.m2/repository/org/apache/maven/maven-model/3.8.1/maven-model-3.8.1.jar:/home/luisdev/.m2/repository/org/apache/maven/maven-model-builder/3.8.1/maven-model-builder-3.8.1.jar:/home/luisdev/.m2/repository/org/apache/maven/maven-builder-support/3.8.1/maven-builder-support-3.8.1.jar:/home/luisdev/.m2/repository/org/apache/maven/resolver/maven-resolver-api/1.6.2/maven-resolver-api-1.6.2.jar:/home/luisdev/.m2/repository/org/apache/maven/resolver/maven-resolver-util/1.6.2/maven-resolver-util-1.6.2.jar:/home/luisdev/.m2/repository/org/apache/maven/shared/maven-shared-utils/3.2.1/maven-shared-utils-3.2.1.jar:/home/luisdev/.m2/repository/com/google/inject/guice/4.2.1/guice-4.2.1-no_aop.jar:/home/luisdev/.m2/repository/com/google/guava/guava/30.1-jre/guava-30.1-jre.jar:/home/luisdev/.m2/repository/com/google/guava/failureaccess/1.0.1/failureaccess-1.0.1.jar:/home/luisdev/.m2/repository/com/google/guava/listenablefuture/9999.0-empty-to-avoid-conflict-with-guava/listenablefuture-9999.0-empty-to-avoid-conflict-with-guava.jar:/home/luisdev/.m2/repository/org/codehaus/plexus/plexus-utils/3.2.1/plexus-utils-3.2.1.jar:/home/luisdev/.m2/repository/org/codehaus/plexus/plexus-classworlds/2.6.0/plexus-classworlds-2.6.0.jar:/home/luisdev/.m2/repository/commons-cli/commons-cli/1.4/commons-cli-1.4.jar:/home/luisdev/.m2/repository/org/eclipse/sisu/org.eclipse.sisu.plexus/0.3.4/org.eclipse.sisu.plexus-0.3.4.jar:/home/luisdev/.m2/repository/org/apache/maven/maven-settings-builder/3.8.1/maven-settings-builder-3.8.1.jar:/home/luisdev/.m2/repository/org/codehaus/plexus/plexus-interpolation/1.25/plexus-interpolation-1.25.jar:/home/luisdev/.m2/repository/org/sonatype/plexus/plexus-sec-dispatcher/1.4/plexus-sec-dispatcher-1.4.jar:/home/luisdev/.m2/repository/org/sonatype/plexus/plexus-cipher/1.4/plexus-cipher-1.4.jar:/home/luisdev/.m2/repository/org/apache/maven/maven-resolver-provider/3.8.1/maven-resolver-provider-3.8.1.jar:/home/luisdev/.m2/repository/org/apache/maven/maven-repository-metadata/3.8.1/maven-repository-metadata-3.8.1.jar:/home/luisdev/.m2/repository/org/apache/maven/resolver/maven-resolver-spi/1.6.2/maven-resolver-spi-1.6.2.jar:/home/luisdev/.m2/repository/org/apache/maven/resolver/maven-resolver-impl/1.6.2/maven-resolver-impl-1.6.2.jar:/home/luisdev/.m2/repository/org/apache/maven/resolver/maven-resolver-connector-basic/1.6.2/maven-resolver-connector-basic-1.6.2.jar:/home/luisdev/.m2/repository/org/apache/maven/resolver/maven-resolver-transport-wagon/1.6.2/maven-resolver-transport-wagon-1.6.2.jar:/home/luisdev/.m2/repository/org/apache/maven/wagon/wagon-http/3.4.3/wagon-http-3.4.3.jar:/home/luisdev/.m2/repository/org/apache/maven/wagon/wagon-http-shared/3.4.3/wagon-http-shared-3.4.3.jar:/home/luisdev/.m2/repository/org/jsoup/jsoup/1.12.1/jsoup-1.12.1.jar:/home/luisdev/.m2/repository/org/apache/maven/wagon/wagon-provider-api/3.4.3/wagon-provider-api-3.4.3.jar:/home/luisdev/.m2/repository/org/apache/maven/wagon/wagon-file/3.4.3/wagon-file-3.4.3.jar:/home/luisdev/.m2/repository/io/quarkus/quarkus-bootstrap-gradle-resolver/1.13.7.Final/quarkus-bootstrap-gradle-resolver-1.13.7.Final.jar:/home/luisdev/.m2/repository/io/smallrye/common/smallrye-common-io/1.5.0/smallrye-common-io-1.5.0.jar:/home/luisdev/.m2/repository/org/eclipse/sisu/org.eclipse.sisu.inject/0.3.4/org.eclipse.sisu.inject-0.3.4.jar:/home/luisdev/.m2/repository/io/quarkus/quarkus-test-common/1.13.7.Final/quarkus-test-common-1.13.7.Final.jar:/home/luisdev/.m2/repository/io/quarkus/quarkus-core-deployment/1.13.7.Final/quarkus-core-deployment-1.13.7.Final.jar:/home/luisdev/.m2/repository/io/quarkus/gizmo/gizmo/1.0.7.Final/gizmo-1.0.7.Final.jar:/home/luisdev/.m2/repository/org/ow2/asm/asm-util/9.1/asm-util-9.1.jar:/home/luisdev/.m2/repository/org/ow2/asm/asm-tree/9.1/asm-tree-9.1.jar:/home/luisdev/.m2/repository/org/ow2/asm/asm-analysis/9.1/asm-analysis-9.1.jar:/home/luisdev/.m2/repository/org/ow2/asm/asm/9.1/asm-9.1.jar:/home/luisdev/.m2/repository/io/quarkus/quarkus-class-change-agent/1.13.7.Final/quarkus-class-change-agent-1.13.7.Final.jar:/home/luisdev/.m2/repository/io/quarkus/quarkus-devtools-utilities/1.13.7.Final/quarkus-devtools-utilities-1.13.7.Final.jar:/home/luisdev/.m2/repository/io/quarkus/quarkus-builder/1.13.7.Final/quarkus-builder-1.13.7.Final.jar:/home/luisdev/.m2/repository/io/quarkus/quarkus-jsonp-deployment/1.13.7.Final/quarkus-jsonp-deployment-1.13.7.Final.jar:/home/luisdev/.m2/repository/org/jboss/logging/commons-logging-jboss-logging/1.0.0.Final/commons-logging-jboss-logging-1.0.0.Final.jar:/home/luisdev/.m2/repository/org/junit/jupiter/junit-jupiter/5.7.1/junit-jupiter-5.7.1.jar:/home/luisdev/.m2/repository/org/junit/jupiter/junit-jupiter-params/5.7.1/junit-jupiter-params-5.7.1.jar:/home/luisdev/.m2/repository/org/junit/jupiter/junit-jupiter-engine/5.7.1/junit-jupiter-engine-5.7.1.jar:/home/luisdev/.m2/repository/org/junit/platform/junit-platform-engine/1.7.1/junit-platform-engine-1.7.1.jar:/home/luisdev/.m2/repository/io/quarkus/quarkus-datasource-deployment-spi/1.13.7.Final/quarkus-datasource-deployment-spi-1.13.7.Final.jar:/home/luisdev/.m2/repository/io/quarkus/quarkus-arc-deployment/1.13.7.Final/quarkus-arc-deployment-1.13.7.Final.jar:/home/luisdev/.m2/repository/io/quarkus/quarkus-vertx-http-dev-console-spi/1.13.7.Final/quarkus-vertx-http-dev-console-spi-1.13.7.Final.jar:/home/luisdev/.m2/repository/io/quarkus/arc/arc-processor/1.13.7.Final/arc-processor-1.13.7.Final.jar:/home/luisdev/.m2/repository/io/quarkus/quarkus-datasource-common/1.13.7.Final/quarkus-datasource-common-1.13.7.Final.jar:/home/luisdev/.m2/repository/com/thoughtworks/xstream/xstream/1.4.17/xstream-1.4.17.jar:/home/luisdev/.m2/repository/io/github/x-stream/mxparser/1.2.1/mxparser-1.2.1.jar:/home/luisdev/.m2/repository/xmlpull/xmlpull/1.1.3.1/xmlpull-1.1.3.1.jar:/home/luisdev/.m2/repository/io/rest-assured/rest-assured/4.3.3/rest-assured-4.3.3.jar:/home/luisdev/.m2/repository/org/codehaus/groovy/groovy/3.0.7/groovy-3.0.7.jar:/home/luisdev/.m2/repository/org/codehaus/groovy/groovy-xml/3.0.7/groovy-xml-3.0.7.jar:/home/luisdev/.m2/repository/org/apache/httpcomponents/httpclient/4.5.13/httpclient-4.5.13.jar:/home/luisdev/.m2/repository/org/apache/httpcomponents/httpcore/4.4.14/httpcore-4.4.14.jar:/home/luisdev/.m2/repository/commons-codec/commons-codec/1.14/commons-codec-1.14.jar:/home/luisdev/.m2/repository/org/apache/httpcomponents/httpmime/4.5.13/httpmime-4.5.13.jar:/home/luisdev/.m2/repository/org/hamcrest/hamcrest/2.1/hamcrest-2.1.jar:/home/luisdev/.m2/repository/org/ccil/cowan/tagsoup/tagsoup/1.2.1/tagsoup-1.2.1.jar:/home/luisdev/.m2/repository/io/rest-assured/json-path/4.3.3/json-path-4.3.3.jar:/home/luisdev/.m2/repository/org/codehaus/groovy/groovy-json/3.0.7/groovy-json-3.0.7.jar:/home/luisdev/.m2/repository/io/rest-assured/rest-assured-common/4.3.3/rest-assured-common-4.3.3.jar:/home/luisdev/.m2/repository/io/rest-assured/xml-path/4.3.3/xml-path-4.3.3.jar:/home/luisdev/.m2/repository/org/apache/commons/commons-lang3/3.12.0/commons-lang3-3.12.0.jar:/home/luisdev/.m2/repository/jakarta/xml/bind/jakarta.xml.bind-api/2.3.3/jakarta.xml.bind-api-2.3.3.jar:/home/luisdev/.m2/repository/jakarta/activation/jakarta.activation-api/1.2.1/jakarta.activation-api-1.2.1.jar:/home/luisdev/.m2/repository/com/sun/xml/bind/jaxb-impl/2.3.3/jaxb-impl-2.3.3.jar:/home/luisdev/.m2/repository/com/fasterxml/jackson/core/jackson-databind/2.12.3/jackson-databind-2.12.3.jar:/home/luisdev/.m2/repository/com/fasterxml/jackson/core/jackson-annotations/2.12.3/jackson-annotations-2.12.3.jar:/home/luisdev/.m2/repository/com/fasterxml/jackson/core/jackson-core/2.12.3/jackson-core-2.12.3.jar:/home/luisdev/.m2/repository/org/testcontainers/junit-jupiter/1.15.2/junit-jupiter-1.15.2.jar:/home/luisdev/.m2/repository/org/testcontainers/testcontainers/1.15.2/testcontainers-1.15.2.jar:/home/luisdev/.m2/repository/junit/junit/4.13.1/junit-4.13.1.jar:/home/luisdev/.m2/repository/org/hamcrest/hamcrest-core/1.3/hamcrest-core-1.3.jar:/home/luisdev/.m2/repository/org/apache/commons/commons-compress/1.20/commons-compress-1.20.jar:/home/luisdev/.m2/repository/org/rnorth/duct-tape/duct-tape/1.0.8/duct-tape-1.0.8.jar:/home/luisdev/.m2/repository/org/rnorth/visible-assertions/visible-assertions/2.1.2/visible-assertions-2.1.2.jar:/home/luisdev/.m2/repository/net/java/dev/jna/jna/5.3.1/jna-5.3.1.jar:/home/luisdev/.m2/repository/com/github/docker-java/docker-java-api/3.2.7/docker-java-api-3.2.7.jar:/home/luisdev/.m2/repository/com/github/docker-java/docker-java-transport-zerodep/3.2.7/docker-java-transport-zerodep-3.2.7.jar:/home/luisdev/.m2/repository/com/github/docker-java/docker-java-transport/3.2.7/docker-java-transport-3.2.7.jar:/home/luisdev/.m2/repository/org/junit/jupiter/junit-jupiter-api/5.7.1/junit-jupiter-api-5.7.1.jar:/home/luisdev/.m2/repository/org/apiguardian/apiguardian-api/1.1.0/apiguardian-api-1.1.0.jar:/home/luisdev/.m2/repository/org/opentest4j/opentest4j/1.2.0/opentest4j-1.2.0.jar:/home/luisdev/.m2/repository/org/junit/platform/junit-platform-commons/1.7.1/junit-platform-commons-1.7.1.jar:/home/luisdev/.m2/repository/org/testcontainers/postgresql/1.15.2/postgresql-1.15.2.jar:/home/luisdev/.m2/repository/org/testcontainers/jdbc/1.15.2/jdbc-1.15.2.jar:/home/luisdev/.m2/repository/org/testcontainers/database-commons/1.15.2/database-commons-1.15.2.jar:"/>
    <property name="java.vm.vendor" value="Oracle Corporation"/>
    <property name="sun.arch.data.model" value="64"/>
    <property name="java.vendor.url" value="http://java.oracle.com/"/>
    <property name="user.timezone" value=""/>
    <property name="java.vm.specification.version" value="11"/>
    <property name="os.name" value="Linux"/>
    <property name="sun.java.launcher" value="SUN_STANDARD"/>
    <property name="sun.boot.library.path" value="/home/luisdev/.asdf/installs/java/openjdk-11.0.2/lib"/>
    <property name="sun.java.command" value="/mnt/d/projetos/treinamentos2021/quarkus/quarkus-super-heroes-workshop/super-heroes/rest-villain/target/surefire/surefirebooter9585273622942301443.jar /mnt/d/projetos/treinamentos2021/quarkus/quarkus-super-heroes-workshop/super-heroes/rest-villain/target/surefire 2021-06-26T19-39-15_659-jvmRun1 surefire11145758804175230713tmp surefire_017727943753103812761tmp"/>
    <property name="jdk.debug" value="release"/>
    <property name="surefire.test.class.path" value="/mnt/d/projetos/treinamentos2021/quarkus/quarkus-super-heroes-workshop/super-heroes/rest-villain/target/test-classes:/mnt/d/projetos/treinamentos2021/quarkus/quarkus-super-heroes-workshop/super-heroes/rest-villain/target/classes:/home/luisdev/.m2/repository/io/quarkus/quarkus-resteasy/1.13.7.Final/quarkus-resteasy-1.13.7.Final.jar:/home/luisdev/.m2/repository/io/quarkus/quarkus-vertx-http/1.13.7.Final/quarkus-vertx-http-1.13.7.Final.jar:/home/luisdev/.m2/repository/io/quarkus/quarkus-security-runtime-spi/1.13.7.Final/quarkus-security-runtime-spi-1.13.7.Final.jar:/home/luisdev/.m2/repository/io/quarkus/quarkus-vertx-http-dev-console-runtime-spi/1.13.7.Final/quarkus-vertx-http-dev-console-runtime-spi-1.13.7.Final.jar:/home/luisdev/.m2/repository/io/quarkus/security/quarkus-security/1.1.4.Final/quarkus-security-1.1.4.Final.jar:/home/luisdev/.m2/repository/io/smallrye/reactive/mutiny/0.14.0/mutiny-0.14.0.jar:/home/luisdev/.m2/repository/org/reactivestreams/reactive-streams/1.0.3/reactive-streams-1.0.3.jar:/home/luisdev/.m2/repository/io/quarkus/quarkus-vertx-core/1.13.7.Final/quarkus-vertx-core-1.13.7.Final.jar:/home/luisdev/.m2/repository/io/quarkus/quarkus-netty/1.13.7.Final/quarkus-netty-1.13.7.Final.jar:/home/luisdev/.m2/repository/io/netty/netty-codec/4.1.49.Final/netty-codec-4.1.49.Final.jar:/home/luisdev/.m2/repository/io/netty/netty-handler/4.1.49.Final/netty-handler-4.1.49.Final.jar:/home/luisdev/.m2/repository/io/vertx/vertx-core/3.9.6/vertx-core-3.9.6.jar:/home/luisdev/.m2/repository/io/netty/netty-common/4.1.49.Final/netty-common-4.1.49.Final.jar:/home/luisdev/.m2/repository/io/netty/netty-buffer/4.1.49.Final/netty-buffer-4.1.49.Final.jar:/home/luisdev/.m2/repository/io/netty/netty-transport/4.1.49.Final/netty-transport-4.1.49.Final.jar:/home/luisdev/.m2/repository/io/netty/netty-handler-proxy/4.1.49.Final/netty-handler-proxy-4.1.49.Final.jar:/home/luisdev/.m2/repository/io/netty/netty-codec-socks/4.1.49.Final/netty-codec-socks-4.1.49.Final.jar:/home/luisdev/.m2/repository/io/netty/netty-codec-http/4.1.49.Final/netty-codec-http-4.1.49.Final.jar:/home/luisdev/.m2/repository/io/netty/netty-codec-http2/4.1.49.Final/netty-codec-http2-4.1.49.Final.jar:/home/luisdev/.m2/repository/io/netty/netty-resolver/4.1.49.Final/netty-resolver-4.1.49.Final.jar:/home/luisdev/.m2/repository/io/netty/netty-resolver-dns/4.1.49.Final/netty-resolver-dns-4.1.49.Final.jar:/home/luisdev/.m2/repository/io/netty/netty-codec-dns/4.1.49.Final/netty-codec-dns-4.1.49.Final.jar:/home/luisdev/.m2/repository/io/vertx/vertx-web/3.9.6/vertx-web-3.9.6.jar:/home/luisdev/.m2/repository/io/vertx/vertx-web-common/3.9.6/vertx-web-common-3.9.6.jar:/home/luisdev/.m2/repository/io/vertx/vertx-auth-common/3.9.6/vertx-auth-common-3.9.6.jar:/home/luisdev/.m2/repository/io/vertx/vertx-bridge-common/3.9.6/vertx-bridge-common-3.9.6.jar:/home/luisdev/.m2/repository/io/quarkus/quarkus-resteasy-server-common/1.13.7.Final/quarkus-resteasy-server-common-1.13.7.Final.jar:/home/luisdev/.m2/repository/io/quarkus/quarkus-resteasy-common/1.13.7.Final/quarkus-resteasy-common-1.13.7.Final.jar:/home/luisdev/.m2/repository/org/jboss/resteasy/resteasy-core/4.5.12.Final/resteasy-core-4.5.12.Final.jar:/home/luisdev/.m2/repository/org/jboss/spec/javax/ws/rs/jboss-jaxrs-api_2.1_spec/2.0.1.Final/jboss-jaxrs-api_2.1_spec-2.0.1.Final.jar:/home/luisdev/.m2/repository/org/jboss/resteasy/resteasy-core-spi/4.5.12.Final/resteasy-core-spi-4.5.12.Final.jar:/home/luisdev/.m2/repository/com/ibm/async/asyncutil/0.1.0/asyncutil-0.1.0.jar:/home/luisdev/.m2/repository/com/sun/activation/jakarta.activation/1.2.1/jakarta.activation-1.2.1.jar:/home/luisdev/.m2/repository/jakarta/validation/jakarta.validation-api/2.0.2/jakarta.validation-api-2.0.2.jar:/home/luisdev/.m2/repository/io/quarkus/quarkus-resteasy-jsonb/1.13.7.Final/quarkus-resteasy-jsonb-1.13.7.Final.jar:/home/luisdev/.m2/repository/io/quarkus/quarkus-jsonb/1.13.7.Final/quarkus-jsonb-1.13.7.Final.jar:/home/luisdev/.m2/repository/org/eclipse/yasson/1.0.9/yasson-1.0.9.jar:/home/luisdev/.m2/repository/org/jboss/resteasy/resteasy-json-binding-provider/4.5.12.Final/resteasy-json-binding-provider-4.5.12.Final.jar:/home/luisdev/.m2/repository/org/glassfish/jakarta.json/1.1.6/jakarta.json-1.1.6.jar:/home/luisdev/.m2/repository/jakarta/json/bind/jakarta.json.bind-api/1.0.2/jakarta.json.bind-api-1.0.2.jar:/home/luisdev/.m2/repository/org/jboss/logging/jboss-logging/3.4.1.Final/jboss-logging-3.4.1.Final.jar:/home/luisdev/.m2/repository/org/jboss/resteasy/resteasy-json-p-provider/4.5.12.Final/resteasy-json-p-provider-4.5.12.Final.jar:/home/luisdev/.m2/repository/commons-io/commons-io/2.8.0/commons-io-2.8.0.jar:/home/luisdev/.m2/repository/io/quarkus/quarkus-hibernate-orm-panache/1.13.7.Final/quarkus-hibernate-orm-panache-1.13.7.Final.jar:/home/luisdev/.m2/repository/io/quarkus/quarkus-hibernate-orm/1.13.7.Final/quarkus-hibernate-orm-1.13.7.Final.jar:/home/luisdev/.m2/repository/io/quarkus/quarkus-agroal/1.13.7.Final/quarkus-agroal-1.13.7.Final.jar:/home/luisdev/.m2/repository/io/quarkus/quarkus-datasource/1.13.7.Final/quarkus-datasource-1.13.7.Final.jar:/home/luisdev/.m2/repository/org/jboss/narayana/jta/narayana-jta/5.10.6.Final/narayana-jta-5.10.6.Final.jar:/home/luisdev/.m2/repository/org/jboss/jboss-transaction-spi/7.6.0.Final/jboss-transaction-spi-7.6.0.Final.jar:/home/luisdev/.m2/repository/org/jboss/spec/javax/resource/jboss-connector-api_1.7_spec/1.0.0.Final/jboss-connector-api_1.7_spec-1.0.0.Final.jar:/home/luisdev/.m2/repository/org/jboss/narayana/jts/narayana-jts-integration/5.10.6.Final/narayana-jts-integration-5.10.6.Final.jar:/home/luisdev/.m2/repository/io/agroal/agroal-api/1.11/agroal-api-1.11.jar:/home/luisdev/.m2/repository/io/agroal/agroal-narayana/1.11/agroal-narayana-1.11.jar:/home/luisdev/.m2/repository/io/agroal/agroal-pool/1.11/agroal-pool-1.11.jar:/home/luisdev/.m2/repository/io/quarkus/quarkus-credentials/1.13.7.Final/quarkus-credentials-1.13.7.Final.jar:/home/luisdev/.m2/repository/io/quarkus/quarkus-narayana-jta/1.13.7.Final/quarkus-narayana-jta-1.13.7.Final.jar:/home/luisdev/.m2/repository/io/quarkus/quarkus-mutiny/1.13.7.Final/quarkus-mutiny-1.13.7.Final.jar:/home/luisdev/.m2/repository/io/quarkus/quarkus-smallrye-context-propagation/1.13.7.Final/quarkus-smallrye-context-propagation-1.13.7.Final.jar:/home/luisdev/.m2/repository/io/smallrye/smallrye-context-propagation/1.1.0/smallrye-context-propagation-1.1.0.jar:/home/luisdev/.m2/repository/io/smallrye/smallrye-context-propagation-api/1.1.0/smallrye-context-propagation-api-1.1.0.jar:/home/luisdev/.m2/repository/io/smallrye/smallrye-context-propagation-storage/1.1.0/smallrye-context-propagation-storage-1.1.0.jar:/home/luisdev/.m2/repository/io/smallrye/reactive/mutiny-smallrye-context-propagation/0.14.0/mutiny-smallrye-context-propagation-0.14.0.jar:/home/luisdev/.m2/repository/io/smallrye/smallrye-context-propagation-jta/1.1.0/smallrye-context-propagation-jta-1.1.0.jar:/home/luisdev/.m2/repository/io/smallrye/reactive/smallrye-reactive-converter-api/1.4.0/smallrye-reactive-converter-api-1.4.0.jar:/home/luisdev/.m2/repository/io/smallrye/reactive/smallrye-reactive-converter-mutiny/1.4.0/smallrye-reactive-converter-mutiny-1.4.0.jar:/home/luisdev/.m2/repository/org/hibernate/hibernate-core/5.4.29.Final/hibernate-core-5.4.29.Final.jar:/home/luisdev/.m2/repository/net/bytebuddy/byte-buddy/1.10.21/byte-buddy-1.10.21.jar:/home/luisdev/.m2/repository/antlr/antlr/2.7.7/antlr-2.7.7.jar:/home/luisdev/.m2/repository/org/dom4j/dom4j/2.1.3/dom4j-2.1.3.jar:/home/luisdev/.m2/repository/org/hibernate/common/hibernate-commons-annotations/5.1.2.Final/hibernate-commons-annotations-5.1.2.Final.jar:/home/luisdev/.m2/repository/org/hibernate/hibernate-graalvm/5.4.29.Final/hibernate-graalvm-5.4.29.Final.jar:/home/luisdev/.m2/repository/org/glassfish/jaxb/jaxb-runtime/2.3.3-b02/jaxb-runtime-2.3.3-b02.jar:/home/luisdev/.m2/repository/org/glassfish/jaxb/txw2/2.3.3-b02/txw2-2.3.3-b02.jar:/home/luisdev/.m2/repository/com/sun/istack/istack-commons-runtime/3.0.10/istack-commons-runtime-3.0.10.jar:/home/luisdev/.m2/repository/org/jboss/spec/javax/xml/bind/jboss-jaxb-api_2.3_spec/2.0.0.Final/jboss-jaxb-api_2.3_spec-2.0.0.Final.jar:/home/luisdev/.m2/repository/jakarta/persistence/jakarta.persistence-api/2.2.3/jakarta.persistence-api-2.2.3.jar:/home/luisdev/.m2/repository/jakarta/transaction/jakarta.transaction-api/1.3.3/jakarta.transaction-api-1.3.3.jar:/home/luisdev/.m2/repository/org/hibernate/quarkus-local-cache/0.1.0/quarkus-local-cache-0.1.0.jar:/home/luisdev/.m2/repository/com/github/ben-manes/caffeine/caffeine/2.9.0/caffeine-2.9.0.jar:/home/luisdev/.m2/repository/com/google/errorprone/error_prone_annotations/2.2.0/error_prone_annotations-2.2.0.jar:/home/luisdev/.m2/repository/io/quarkus/quarkus-caffeine/1.13.7.Final/quarkus-caffeine-1.13.7.Final.jar:/home/luisdev/.m2/repository/io/quarkus/quarkus-hibernate-orm-panache-common/1.13.7.Final/quarkus-hibernate-orm-panache-common-1.13.7.Final.jar:/home/luisdev/.m2/repository/io/quarkus/quarkus-panache-hibernate-common/1.13.7.Final/quarkus-panache-hibernate-common-1.13.7.Final.jar:/home/luisdev/.m2/repository/io/quarkus/quarkus-arc/1.13.7.Final/quarkus-arc-1.13.7.Final.jar:/home/luisdev/.m2/repository/io/quarkus/arc/arc/1.13.7.Final/arc-1.13.7.Final.jar:/home/luisdev/.m2/repository/org/eclipse/microprofile/context-propagation/microprofile-context-propagation-api/1.0.1/microprofile-context-propagation-api-1.0.1.jar:/home/luisdev/.m2/repository/io/quarkus/quarkus-panache-common/1.13.7.Final/quarkus-panache-common-1.13.7.Final.jar:/home/luisdev/.m2/repository/io/quarkus/quarkus-jdbc-postgresql/1.13.7.Final/quarkus-jdbc-postgresql-1.13.7.Final.jar:/home/luisdev/.m2/repository/org/postgresql/postgresql/42.2.20/postgresql-42.2.20.jar:/home/luisdev/.m2/repository/io/quarkus/quarkus-hibernate-validator/1.13.7.Final/quarkus-hibernate-validator-1.13.7.Final.jar:/home/luisdev/.m2/repository/io/quarkus/quarkus-core/1.13.7.Final/quarkus-core-1.13.7.Final.jar:/home/luisdev/.m2/repository/jakarta/annotation/jakarta.annotation-api/1.3.5/jakarta.annotation-api-1.3.5.jar:/home/luisdev/.m2/repository/jakarta/enterprise/jakarta.enterprise.cdi-api/2.0.2/jakarta.enterprise.cdi-api-2.0.2.jar:/home/luisdev/.m2/repository/jakarta/el/jakarta.el-api/3.0.3/jakarta.el-api-3.0.3.jar:/home/luisdev/.m2/repository/jakarta/interceptor/jakarta.interceptor-api/1.2.5/jakarta.interceptor-api-1.2.5.jar:/home/luisdev/.m2/repository/jakarta/inject/jakarta.inject-api/1.0/jakarta.inject-api-1.0.jar:/home/luisdev/.m2/repository/io/quarkus/quarkus-ide-launcher/1.13.7.Final/quarkus-ide-launcher-1.13.7.Final.jar:/home/luisdev/.m2/repository/io/quarkus/quarkus-development-mode-spi/1.13.7.Final/quarkus-development-mode-spi-1.13.7.Final.jar:/home/luisdev/.m2/repository/io/smallrye/config/smallrye-config/1.13.1/smallrye-config-1.13.1.jar:/home/luisdev/.m2/repository/io/smallrye/common/smallrye-common-annotation/1.5.0/smallrye-common-annotation-1.5.0.jar:/home/luisdev/.m2/repository/io/smallrye/common/smallrye-common-expression/1.5.0/smallrye-common-expression-1.5.0.jar:/home/luisdev/.m2/repository/io/smallrye/common/smallrye-common-function/1.5.0/smallrye-common-function-1.5.0.jar:/home/luisdev/.m2/repository/io/smallrye/common/smallrye-common-constraint/1.5.0/smallrye-common-constraint-1.5.0.jar:/home/luisdev/.m2/repository/io/smallrye/common/smallrye-common-classloader/1.5.0/smallrye-common-classloader-1.5.0.jar:/home/luisdev/.m2/repository/io/smallrye/config/smallrye-config-common/1.13.1/smallrye-config-common-1.13.1.jar:/home/luisdev/.m2/repository/org/jboss/logmanager/jboss-logmanager-embedded/1.0.9/jboss-logmanager-embedded-1.0.9.jar:/home/luisdev/.m2/repository/org/jboss/logging/jboss-logging-annotations/2.2.0.Final/jboss-logging-annotations-2.2.0.Final.jar:/home/luisdev/.m2/repository/org/jboss/threads/jboss-threads/3.2.0.Final/jboss-threads-3.2.0.Final.jar:/home/luisdev/.m2/repository/org/slf4j/slf4j-api/1.7.30/slf4j-api-1.7.30.jar:/home/luisdev/.m2/repository/org/jboss/slf4j/slf4j-jboss-logmanager/1.1.0.Final/slf4j-jboss-logmanager-1.1.0.Final.jar:/home/luisdev/.m2/repository/org/graalvm/sdk/graal-sdk/21.0.0/graal-sdk-21.0.0.jar:/home/luisdev/.m2/repository/org/wildfly/common/wildfly-common/1.5.4.Final-format-001/wildfly-common-1.5.4.Final-format-001.jar:/home/luisdev/.m2/repository/io/quarkus/quarkus-bootstrap-runner/1.13.7.Final/quarkus-bootstrap-runner-1.13.7.Final.jar:/home/luisdev/.m2/repository/org/hibernate/validator/hibernate-validator/6.2.0.Final/hibernate-validator-6.2.0.Final.jar:/home/luisdev/.m2/repository/com/fasterxml/classmate/1.3.4/classmate-1.3.4.jar:/home/luisdev/.m2/repository/org/glassfish/jakarta.el/3.0.3/jakarta.el-3.0.3.jar:/home/luisdev/.m2/repository/io/quarkus/quarkus-smallrye-openapi/1.13.7.Final/quarkus-smallrye-openapi-1.13.7.Final.jar:/home/luisdev/.m2/repository/io/smallrye/smallrye-open-api-core/2.0.26/smallrye-open-api-core-2.0.26.jar:/home/luisdev/.m2/repository/org/eclipse/microprofile/openapi/microprofile-openapi-api/1.1.3-RC1/microprofile-openapi-api-1.1.3-RC1.jar:/home/luisdev/.m2/repository/org/eclipse/microprofile/config/microprofile-config-api/1.4/microprofile-config-api-1.4.jar:/home/luisdev/.m2/repository/com/fasterxml/jackson/dataformat/jackson-dataformat-yaml/2.12.3/jackson-dataformat-yaml-2.12.3.jar:/home/luisdev/.m2/repository/org/yaml/snakeyaml/1.28/snakeyaml-1.28.jar:/home/luisdev/.m2/repository/org/jboss/jandex/2.2.3.Final/jandex-2.2.3.Final.jar:/home/luisdev/.m2/repository/io/quarkus/quarkus-swagger-ui/1.13.7.Final/quarkus-swagger-ui-1.13.7.Final.jar:/home/luisdev/.m2/repository/io/quarkus/quarkus-smallrye-health/1.13.7.Final/quarkus-smallrye-health-1.13.7.Final.jar:/home/luisdev/.m2/repository/io/smallrye/smallrye-health/2.2.6/smallrye-health-2.2.6.jar:/home/luisdev/.m2/repository/org/eclipse/microprofile/health/microprofile-health-api/2.2/microprofile-health-api-2.2.jar:/home/luisdev/.m2/repository/io/smallrye/smallrye-health-api/2.2.6/smallrye-health-api-2.2.6.jar:/home/luisdev/.m2/repository/io/smallrye/smallrye-health-provided-checks/2.2.6/smallrye-health-provided-checks-2.2.6.jar:/home/luisdev/.m2/repository/io/quarkus/quarkus-jsonp/1.13.7.Final/quarkus-jsonp-1.13.7.Final.jar:/home/luisdev/.m2/repository/io/quarkus/quarkus-smallrye-metrics/1.13.7.Final/quarkus-smallrye-metrics-1.13.7.Final.jar:/home/luisdev/.m2/repository/io/smallrye/smallrye-metrics/2.4.6/smallrye-metrics-2.4.6.jar:/home/luisdev/.m2/repository/io/smallrye/smallrye-metrics-api/2.4.6/smallrye-metrics-api-2.4.6.jar:/home/luisdev/.m2/repository/org/eclipse/microprofile/metrics/microprofile-metrics-api/2.3/microprofile-metrics-api-2.3.jar:/home/luisdev/.m2/repository/io/quarkus/quarkus-junit5/1.13.7.Final/quarkus-junit5-1.13.7.Final.jar:/home/luisdev/.m2/repository/io/quarkus/quarkus-bootstrap-core/1.13.7.Final/quarkus-bootstrap-core-1.13.7.Final.jar:/home/luisdev/.m2/repository/io/quarkus/quarkus-bootstrap-app-model/1.13.7.Final/quarkus-bootstrap-app-model-1.13.7.Final.jar:/home/luisdev/.m2/repository/io/quarkus/quarkus-bootstrap-maven-resolver/1.13.7.Final/quarkus-bootstrap-maven-resolver-1.13.7.Final.jar:/home/luisdev/.m2/repository/org/apache/maven/maven-embedder/3.8.1/maven-embedder-3.8.1.jar:/home/luisdev/.m2/repository/org/apache/maven/maven-settings/3.8.1/maven-settings-3.8.1.jar:/home/luisdev/.m2/repository/org/apache/maven/maven-core/3.8.1/maven-core-3.8.1.jar:/home/luisdev/.m2/repository/org/apache/maven/maven-artifact/3.8.1/maven-artifact-3.8.1.jar:/home/luisdev/.m2/repository/org/codehaus/plexus/plexus-component-annotations/2.1.0/plexus-component-annotations-2.1.0.jar:/home/luisdev/.m2/repository/org/apache/maven/maven-plugin-api/3.8.1/maven-plugin-api-3.8.1.jar:/home/luisdev/.m2/repository/org/apache/maven/maven-model/3.8.1/maven-model-3.8.1.jar:/home/luisdev/.m2/repository/org/apache/maven/maven-model-builder/3.8.1/maven-model-builder-3.8.1.jar:/home/luisdev/.m2/repository/org/apache/maven/maven-builder-support/3.8.1/maven-builder-support-3.8.1.jar:/home/luisdev/.m2/repository/org/apache/maven/resolver/maven-resolver-api/1.6.2/maven-resolver-api-1.6.2.jar:/home/luisdev/.m2/repository/org/apache/maven/resolver/maven-resolver-util/1.6.2/maven-resolver-util-1.6.2.jar:/home/luisdev/.m2/repository/org/apache/maven/shared/maven-shared-utils/3.2.1/maven-shared-utils-3.2.1.jar:/home/luisdev/.m2/repository/com/google/inject/guice/4.2.1/guice-4.2.1-no_aop.jar:/home/luisdev/.m2/repository/com/google/guava/guava/30.1-jre/guava-30.1-jre.jar:/home/luisdev/.m2/repository/com/google/guava/failureaccess/1.0.1/failureaccess-1.0.1.jar:/home/luisdev/.m2/repository/com/google/guava/listenablefuture/9999.0-empty-to-avoid-conflict-with-guava/listenablefuture-9999.0-empty-to-avoid-conflict-with-guava.jar:/home/luisdev/.m2/repository/org/codehaus/plexus/plexus-utils/3.2.1/plexus-utils-3.2.1.jar:/home/luisdev/.m2/repository/org/codehaus/plexus/plexus-classworlds/2.6.0/plexus-classworlds-2.6.0.jar:/home/luisdev/.m2/repository/commons-cli/commons-cli/1.4/commons-cli-1.4.jar:/home/luisdev/.m2/repository/org/eclipse/sisu/org.eclipse.sisu.plexus/0.3.4/org.eclipse.sisu.plexus-0.3.4.jar:/home/luisdev/.m2/repository/org/apache/maven/maven-settings-builder/3.8.1/maven-settings-builder-3.8.1.jar:/home/luisdev/.m2/repository/org/codehaus/plexus/plexus-interpolation/1.25/plexus-interpolation-1.25.jar:/home/luisdev/.m2/repository/org/sonatype/plexus/plexus-sec-dispatcher/1.4/plexus-sec-dispatcher-1.4.jar:/home/luisdev/.m2/repository/org/sonatype/plexus/plexus-cipher/1.4/plexus-cipher-1.4.jar:/home/luisdev/.m2/repository/org/apache/maven/maven-resolver-provider/3.8.1/maven-resolver-provider-3.8.1.jar:/home/luisdev/.m2/repository/org/apache/maven/maven-repository-metadata/3.8.1/maven-repository-metadata-3.8.1.jar:/home/luisdev/.m2/repository/org/apache/maven/resolver/maven-resolver-spi/1.6.2/maven-resolver-spi-1.6.2.jar:/home/luisdev/.m2/repository/org/apache/maven/resolver/maven-resolver-impl/1.6.2/maven-resolver-impl-1.6.2.jar:/home/luisdev/.m2/repository/org/apache/maven/resolver/maven-resolver-connector-basic/1.6.2/maven-resolver-connector-basic-1.6.2.jar:/home/luisdev/.m2/repository/org/apache/maven/resolver/maven-resolver-transport-wagon/1.6.2/maven-resolver-transport-wagon-1.6.2.jar:/home/luisdev/.m2/repository/org/apache/maven/wagon/wagon-http/3.4.3/wagon-http-3.4.3.jar:/home/luisdev/.m2/repository/org/apache/maven/wagon/wagon-http-shared/3.4.3/wagon-http-shared-3.4.3.jar:/home/luisdev/.m2/repository/org/jsoup/jsoup/1.12.1/jsoup-1.12.1.jar:/home/luisdev/.m2/repository/org/apache/maven/wagon/wagon-provider-api/3.4.3/wagon-provider-api-3.4.3.jar:/home/luisdev/.m2/repository/org/apache/maven/wagon/wagon-file/3.4.3/wagon-file-3.4.3.jar:/home/luisdev/.m2/repository/io/quarkus/quarkus-bootstrap-gradle-resolver/1.13.7.Final/quarkus-bootstrap-gradle-resolver-1.13.7.Final.jar:/home/luisdev/.m2/repository/io/smallrye/common/smallrye-common-io/1.5.0/smallrye-common-io-1.5.0.jar:/home/luisdev/.m2/repository/org/eclipse/sisu/org.eclipse.sisu.inject/0.3.4/org.eclipse.sisu.inject-0.3.4.jar:/home/luisdev/.m2/repository/io/quarkus/quarkus-test-common/1.13.7.Final/quarkus-test-common-1.13.7.Final.jar:/home/luisdev/.m2/repository/io/quarkus/quarkus-core-deployment/1.13.7.Final/quarkus-core-deployment-1.13.7.Final.jar:/home/luisdev/.m2/repository/io/quarkus/gizmo/gizmo/1.0.7.Final/gizmo-1.0.7.Final.jar:/home/luisdev/.m2/repository/org/ow2/asm/asm-util/9.1/asm-util-9.1.jar:/home/luisdev/.m2/repository/org/ow2/asm/asm-tree/9.1/asm-tree-9.1.jar:/home/luisdev/.m2/repository/org/ow2/asm/asm-analysis/9.1/asm-analysis-9.1.jar:/home/luisdev/.m2/repository/org/ow2/asm/asm/9.1/asm-9.1.jar:/home/luisdev/.m2/repository/io/quarkus/quarkus-class-change-agent/1.13.7.Final/quarkus-class-change-agent-1.13.7.Final.jar:/home/luisdev/.m2/repository/io/quarkus/quarkus-devtools-utilities/1.13.7.Final/quarkus-devtools-utilities-1.13.7.Final.jar:/home/luisdev/.m2/repository/io/quarkus/quarkus-builder/1.13.7.Final/quarkus-builder-1.13.7.Final.jar:/home/luisdev/.m2/repository/io/quarkus/quarkus-jsonp-deployment/1.13.7.Final/quarkus-jsonp-deployment-1.13.7.Final.jar:/home/luisdev/.m2/repository/org/jboss/logging/commons-logging-jboss-logging/1.0.0.Final/commons-logging-jboss-logging-1.0.0.Final.jar:/home/luisdev/.m2/repository/org/junit/jupiter/junit-jupiter/5.7.1/junit-jupiter-5.7.1.jar:/home/luisdev/.m2/repository/org/junit/jupiter/junit-jupiter-params/5.7.1/junit-jupiter-params-5.7.1.jar:/home/luisdev/.m2/repository/org/junit/jupiter/junit-jupiter-engine/5.7.1/junit-jupiter-engine-5.7.1.jar:/home/luisdev/.m2/repository/org/junit/platform/junit-platform-engine/1.7.1/junit-platform-engine-1.7.1.jar:/home/luisdev/.m2/repository/io/quarkus/quarkus-datasource-deployment-spi/1.13.7.Final/quarkus-datasource-deployment-spi-1.13.7.Final.jar:/home/luisdev/.m2/repository/io/quarkus/quarkus-arc-deployment/1.13.7.Final/quarkus-arc-deployment-1.13.7.Final.jar:/home/luisdev/.m2/repository/io/quarkus/quarkus-vertx-http-dev-console-spi/1.13.7.Final/quarkus-vertx-http-dev-console-spi-1.13.7.Final.jar:/home/luisdev/.m2/repository/io/quarkus/arc/arc-processor/1.13.7.Final/arc-processor-1.13.7.Final.jar:/home/luisdev/.m2/repository/io/quarkus/quarkus-datasource-common/1.13.7.Final/quarkus-datasource-common-1.13.7.Final.jar:/home/luisdev/.m2/repository/com/thoughtworks/xstream/xstream/1.4.17/xstream-1.4.17.jar:/home/luisdev/.m2/repository/io/github/x-stream/mxparser/1.2.1/mxparser-1.2.1.jar:/home/luisdev/.m2/repository/xmlpull/xmlpull/1.1.3.1/xmlpull-1.1.3.1.jar:/home/luisdev/.m2/repository/io/rest-assured/rest-assured/4.3.3/rest-assured-4.3.3.jar:/home/luisdev/.m2/repository/org/codehaus/groovy/groovy/3.0.7/groovy-3.0.7.jar:/home/luisdev/.m2/repository/org/codehaus/groovy/groovy-xml/3.0.7/groovy-xml-3.0.7.jar:/home/luisdev/.m2/repository/org/apache/httpcomponents/httpclient/4.5.13/httpclient-4.5.13.jar:/home/luisdev/.m2/repository/org/apache/httpcomponents/httpcore/4.4.14/httpcore-4.4.14.jar:/home/luisdev/.m2/repository/commons-codec/commons-codec/1.14/commons-codec-1.14.jar:/home/luisdev/.m2/repository/org/apache/httpcomponents/httpmime/4.5.13/httpmime-4.5.13.jar:/home/luisdev/.m2/repository/org/hamcrest/hamcrest/2.1/hamcrest-2.1.jar:/home/luisdev/.m2/repository/org/ccil/cowan/tagsoup/tagsoup/1.2.1/tagsoup-1.2.1.jar:/home/luisdev/.m2/repository/io/rest-assured/json-path/4.3.3/json-path-4.3.3.jar:/home/luisdev/.m2/repository/org/codehaus/groovy/groovy-json/3.0.7/groovy-json-3.0.7.jar:/home/luisdev/.m2/repository/io/rest-assured/rest-assured-common/4.3.3/rest-assured-common-4.3.3.jar:/home/luisdev/.m2/repository/io/rest-assured/xml-path/4.3.3/xml-path-4.3.3.jar:/home/luisdev/.m2/repository/org/apache/commons/commons-lang3/3.12.0/commons-lang3-3.12.0.jar:/home/luisdev/.m2/repository/jakarta/xml/bind/jakarta.xml.bind-api/2.3.3/jakarta.xml.bind-api-2.3.3.jar:/home/luisdev/.m2/repository/jakarta/activation/jakarta.activation-api/1.2.1/jakarta.activation-api-1.2.1.jar:/home/luisdev/.m2/repository/com/sun/xml/bind/jaxb-impl/2.3.3/jaxb-impl-2.3.3.jar:/home/luisdev/.m2/repository/com/fasterxml/jackson/core/jackson-databind/2.12.3/jackson-databind-2.12.3.jar:/home/luisdev/.m2/repository/com/fasterxml/jackson/core/jackson-annotations/2.12.3/jackson-annotations-2.12.3.jar:/home/luisdev/.m2/repository/com/fasterxml/jackson/core/jackson-core/2.12.3/jackson-core-2.12.3.jar:/home/luisdev/.m2/repository/org/testcontainers/junit-jupiter/1.15.2/junit-jupiter-1.15.2.jar:/home/luisdev/.m2/repository/org/testcontainers/testcontainers/1.15.2/testcontainers-1.15.2.jar:/home/luisdev/.m2/repository/junit/junit/4.13.1/junit-4.13.1.jar:/home/luisdev/.m2/repository/org/hamcrest/hamcrest-core/1.3/hamcrest-core-1.3.jar:/home/luisdev/.m2/repository/org/apache/commons/commons-compress/1.20/commons-compress-1.20.jar:/home/luisdev/.m2/repository/org/rnorth/duct-tape/duct-tape/1.0.8/duct-tape-1.0.8.jar:/home/luisdev/.m2/repository/org/rnorth/visible-assertions/visible-assertions/2.1.2/visible-assertions-2.1.2.jar:/home/luisdev/.m2/repository/net/java/dev/jna/jna/5.3.1/jna-5.3.1.jar:/home/luisdev/.m2/repository/com/github/docker-java/docker-java-api/3.2.7/docker-java-api-3.2.7.jar:/home/luisdev/.m2/repository/com/github/docker-java/docker-java-transport-zerodep/3.2.7/docker-java-transport-zerodep-3.2.7.jar:/home/luisdev/.m2/repository/com/github/docker-java/docker-java-transport/3.2.7/docker-java-transport-3.2.7.jar:/home/luisdev/.m2/repository/org/junit/jupiter/junit-jupiter-api/5.7.1/junit-jupiter-api-5.7.1.jar:/home/luisdev/.m2/repository/org/apiguardian/apiguardian-api/1.1.0/apiguardian-api-1.1.0.jar:/home/luisdev/.m2/repository/org/opentest4j/opentest4j/1.2.0/opentest4j-1.2.0.jar:/home/luisdev/.m2/repository/org/junit/platform/junit-platform-commons/1.7.1/junit-platform-commons-1.7.1.jar:/home/luisdev/.m2/repository/org/testcontainers/postgresql/1.15.2/postgresql-1.15.2.jar:/home/luisdev/.m2/repository/org/testcontainers/jdbc/1.15.2/jdbc-1.15.2.jar:/home/luisdev/.m2/repository/org/testcontainers/database-commons/1.15.2/database-commons-1.15.2.jar:"/>
    <property name="sun.cpu.endian" value="little"/>
    <property name="user.home" value="/home/luisdev"/>
    <property name="user.language" value="en"/>
    <property name="java.specification.vendor" value="Oracle Corporation"/>
    <property name="java.version.date" value="2019-01-15"/>
    <property name="java.home" value="/home/luisdev/.asdf/installs/java/openjdk-11.0.2"/>
    <property name="file.separator" value="/"/>
    <property name="basedir" value="/mnt/d/projetos/treinamentos2021/quarkus/quarkus-super-heroes-workshop/super-heroes/rest-villain"/>
    <property name="java.vm.compressedOopsMode" value="32-bit"/>
    <property name="line.separator" value="&#10;"/>
    <property name="java.specification.name" value="Java Platform API Specification"/>
    <property name="java.vm.specification.vendor" value="Oracle Corporation"/>
    <property name="java.awt.graphicsenv" value="sun.awt.X11GraphicsEnvironment"/>
    <property name="surefire.real.class.path" value="/mnt/d/projetos/treinamentos2021/quarkus/quarkus-super-heroes-workshop/super-heroes/rest-villain/target/surefire/surefirebooter9585273622942301443.jar"/>
    <property name="sun.management.compiler" value="HotSpot 64-Bit Tiered Compilers"/>
    <property name="java.runtime.version" value="11.0.2+9"/>
    <property name="user.name" value="luisdev"/>
    <property name="path.separator" value=":"/>
    <property name="os.version" value="4.19.128-microsoft-standard"/>
    <property name="java.runtime.name" value="OpenJDK Runtime Environment"/>
    <property name="file.encoding" value="UTF-8"/>
    <property name="java.vm.name" value="OpenJDK 64-Bit Server VM"/>
    <property name="java.vendor.version" value="18.9"/>
    <property name="localRepository" value="/home/luisdev/.m2/repository"/>
    <property name="java.vendor.url.bug" value="http://bugreport.java.com/bugreport/"/>
    <property name="java.io.tmpdir" value="/tmp"/>
    <property name="java.version" value="11.0.2"/>
    <property name="user.dir" value="/mnt/d/projetos/treinamentos2021/quarkus/quarkus-super-heroes-workshop/super-heroes/rest-villain"/>
    <property name="os.arch" value="amd64"/>
    <property name="java.vm.specification.name" value="Java Virtual Machine Specification"/>
    <property name="java.awt.printerjob" value="sun.print.PSPrinterJob"/>
    <property name="sun.os.patch.level" value="unknown"/>
    <property name="java.util.logging.manager" value="org.jboss.logmanager.LogManager"/>
    <property name="java.library.path" value="/usr/java/packages/lib:/usr/lib64:/lib64:/lib:/usr/lib"/>
    <property name="java.vendor" value="Oracle Corporation"/>
    <property name="java.vm.info" value="mixed mode"/>
    <property name="java.vm.version" value="11.0.2+9"/>
    <property name="sun.io.unicode.encoding" value="UnicodeLittle"/>
    <property name="java.class.version" value="55.0"/>
  </properties>
  <testcase name="shouldGetInitialItems" classname="io.quarkus.workshop.superheroes.villain.VillainResourceTest" time="4.962"/>
  <testcase name="shouldAddAnItem" classname="io.quarkus.workshop.superheroes.villain.VillainResourceTest" time="2.102"/>
  <testcase name="testUpdatingAnItem" classname="io.quarkus.workshop.superheroes.villain.VillainResourceTest" time="0.409"/>
  <testcase name="shouldRemoveAnItem" classname="io.quarkus.workshop.superheroes.villain.VillainResourceTest" time="0.128"/>
  <testcase name="shouldGetRandomVillain" classname="io.quarkus.workshop.superheroes.villain.VillainResourceTest" time="0.04"/>
  <testcase name="shouldPingSwaggerUI" classname="io.quarkus.workshop.superheroes.villain.VillainResourceTest" time="0.054"/>
  <testcase name="shouldPingMetrics" classname="io.quarkus.workshop.superheroes.villain.VillainResourceTest" time="0.442"/>
  <testcase name="shouldPingReadiness" classname="io.quarkus.workshop.superheroes.villain.VillainResourceTest" time="0.055"/>
  <testcase name="shouldNotAddInvalidItem" classname="io.quarkus.workshop.superheroes.villain.VillainResourceTest" time="0.057"/>
  <testcase name="shouldPingLiveness" classname="io.quarkus.workshop.superheroes.villain.VillainResourceTest" time="0.02"/>
  <testcase name="shouldNotGetUnknownVillain" classname="io.quarkus.workshop.superheroes.villain.VillainResourceTest" time="0.027"/>
  <testcase name="testHelloEndpoint" classname="io.quarkus.workshop.superheroes.villain.VillainResourceTest" time="0.047"/>
  <testcase name="shouldPingOpenAPI" classname="io.quarkus.workshop.superheroes.villain.VillainResourceTest" time="0.147"/>
</testsuite>